
*** Running vivado
    with args -log toom_mul_generic.vds -m64 -product Vivado -mode batch -messageDb vivado.pb -notrace -source toom_mul_generic.tcl


****** Vivado v2023.1 (64-bit)
  **** SW Build 3865809 on Sun May  7 15:04:56 MDT 2023
  **** IP Build 3864474 on Sun May  7 20:36:21 MDT 2023
  **** SharedData Build 3865790 on Sun May 07 13:33:03 MDT 2023
    ** Copyright 1986-2022 Xilinx, Inc. All Rights Reserved.
    ** Copyright 2022-2023 Advanced Micro Devices, Inc. All Rights Reserved.

source toom_mul_generic.tcl -notrace
Command: synth_design -top toom_mul_generic -part xc7z020clg484-1
Starting synth_design
Attempting to get a license for feature 'Synthesis' and/or device 'xc7z020'
INFO: [Common 17-349] Got license for feature 'Synthesis' and/or device 'xc7z020'
INFO: [Synth 8-7079] Multithreading enabled for synth_design using a maximum of 4 processes.
INFO: [Synth 8-7078] Launching helper process for spawning children vivado processes
INFO: [Synth 8-7075] Helper process launched with PID 1878336
---------------------------------------------------------------------------------
Starting Synthesize : Time (s): cpu = 00:00:01 ; elapsed = 00:00:02 . Memory (MB): peak = 2854.395 ; gain = 390.707 ; free physical = 19077 ; free virtual = 23764
---------------------------------------------------------------------------------
INFO: [Synth 8-6157] synthesizing module 'toom_mul_generic' [/home/iiitb/github_files/multipliers/toom_2_general/toom_2_general.srcs/sources_1/imports/new/toom2.v:4]
INFO: [Synth 8-6157] synthesizing module 'toom2' [/home/iiitb/github_files/multipliers/toom_2_general/toom_2_general.srcs/sources_1/new/toom2.v:4]
	Parameter DATA_WIDTH bound to: 18 - type: integer 
INFO: [Synth 8-6157] synthesizing module 'toom2__parameterized0' [/home/iiitb/github_files/multipliers/toom_2_general/toom_2_general.srcs/sources_1/new/toom2.v:4]
	Parameter DATA_WIDTH bound to: 10 - type: integer 
INFO: [Synth 8-6157] synthesizing module 'toom2__parameterized1' [/home/iiitb/github_files/multipliers/toom_2_general/toom_2_general.srcs/sources_1/new/toom2.v:4]
	Parameter DATA_WIDTH bound to: 6 - type: integer 
INFO: [Synth 8-6157] synthesizing module 'school_book' [/home/iiitb/github_files/multipliers/toom_2_general/toom_2_general.srcs/sources_1/new/school_book.v:23]
	Parameter DATA_WIDTH bound to: 4 - type: integer 
INFO: [Synth 8-6155] done synthesizing module 'school_book' (0#1) [/home/iiitb/github_files/multipliers/toom_2_general/toom_2_general.srcs/sources_1/new/school_book.v:23]
INFO: [Synth 8-6155] done synthesizing module 'toom2__parameterized1' (0#1) [/home/iiitb/github_files/multipliers/toom_2_general/toom_2_general.srcs/sources_1/new/toom2.v:4]
INFO: [Synth 8-6155] done synthesizing module 'toom2__parameterized0' (0#1) [/home/iiitb/github_files/multipliers/toom_2_general/toom_2_general.srcs/sources_1/new/toom2.v:4]
INFO: [Synth 8-6155] done synthesizing module 'toom2' (0#1) [/home/iiitb/github_files/multipliers/toom_2_general/toom_2_general.srcs/sources_1/new/toom2.v:4]
WARNING: [Synth 8-689] width (34) of port connection 'y' does not match port width (36) of module 'toom2' [/home/iiitb/github_files/multipliers/toom_2_general/toom_2_general.srcs/sources_1/imports/new/toom2.v:53]
WARNING: [Synth 8-689] width (34) of port connection 'y' does not match port width (36) of module 'toom2' [/home/iiitb/github_files/multipliers/toom_2_general/toom_2_general.srcs/sources_1/imports/new/toom2.v:54]
WARNING: [Synth 8-689] width (34) of port connection 'y' does not match port width (36) of module 'toom2' [/home/iiitb/github_files/multipliers/toom_2_general/toom_2_general.srcs/sources_1/imports/new/toom2.v:55]
INFO: [Synth 8-6155] done synthesizing module 'toom_mul_generic' (0#1) [/home/iiitb/github_files/multipliers/toom_2_general/toom_2_general.srcs/sources_1/imports/new/toom2.v:4]
---------------------------------------------------------------------------------
Finished Synthesize : Time (s): cpu = 00:00:02 ; elapsed = 00:00:02 . Memory (MB): peak = 2921.332 ; gain = 457.645 ; free physical = 18989 ; free virtual = 23677
---------------------------------------------------------------------------------
---------------------------------------------------------------------------------
Finished Constraint Validation : Time (s): cpu = 00:00:02 ; elapsed = 00:00:03 . Memory (MB): peak = 2939.145 ; gain = 475.457 ; free physical = 18989 ; free virtual = 23677
---------------------------------------------------------------------------------
---------------------------------------------------------------------------------
Start Loading Part and Timing Information
---------------------------------------------------------------------------------
Loading part: xc7z020clg484-1
---------------------------------------------------------------------------------
INFO: [Device 21-403] Loading part xc7z020clg484-1
Finished Loading Part and Timing Information : Time (s): cpu = 00:00:02 ; elapsed = 00:00:03 . Memory (MB): peak = 2947.148 ; gain = 483.461 ; free physical = 18988 ; free virtual = 23676
---------------------------------------------------------------------------------
---------------------------------------------------------------------------------
Finished RTL Optimization Phase 2 : Time (s): cpu = 00:00:02 ; elapsed = 00:00:03 . Memory (MB): peak = 2956.055 ; gain = 492.367 ; free physical = 18980 ; free virtual = 23669
---------------------------------------------------------------------------------
No constraint files found.
---------------------------------------------------------------------------------
Start RTL Component Statistics 
---------------------------------------------------------------------------------
Detailed RTL Component Info : 
+---Adders : 
	   3 Input   64 Bit       Adders := 1     
	   3 Input   36 Bit       Adders := 3     
	   4 Input   33 Bit       Adders := 1     
	   3 Input   20 Bit       Adders := 9     
	   4 Input   19 Bit       Adders := 3     
	   2 Input   17 Bit       Adders := 2     
	   3 Input   12 Bit       Adders := 27    
	   4 Input   11 Bit       Adders := 9     
	   2 Input   10 Bit       Adders := 6     
	   4 Input    7 Bit       Adders := 27    
	   2 Input    6 Bit       Adders := 18    
	   2 Input    4 Bit       Adders := 54    
---------------------------------------------------------------------------------
Finished RTL Component Statistics 
---------------------------------------------------------------------------------
---------------------------------------------------------------------------------
Start Part Resource Summary
---------------------------------------------------------------------------------
Part Resources:
DSPs: 220 (col length:60)
BRAMs: 280 (col length: RAMB18 60 RAMB36 30)
---------------------------------------------------------------------------------
Finished Part Resource Summary
---------------------------------------------------------------------------------
No constraint files found.
---------------------------------------------------------------------------------
Start Cross Boundary and Area Optimization
---------------------------------------------------------------------------------
WARNING: [Synth 8-7080] Parallel synthesis criteria is not met
---------------------------------------------------------------------------------
Finished Cross Boundary and Area Optimization : Time (s): cpu = 00:00:05 ; elapsed = 00:00:05 . Memory (MB): peak = 3122.305 ; gain = 658.617 ; free physical = 18805 ; free virtual = 23494
---------------------------------------------------------------------------------
No constraint files found.
---------------------------------------------------------------------------------
Start Timing Optimization
---------------------------------------------------------------------------------
---------------------------------------------------------------------------------
Finished Timing Optimization : Time (s): cpu = 00:00:05 ; elapsed = 00:00:06 . Memory (MB): peak = 3122.305 ; gain = 658.617 ; free physical = 18803 ; free virtual = 23492
---------------------------------------------------------------------------------
---------------------------------------------------------------------------------
Start Technology Mapping
---------------------------------------------------------------------------------
---------------------------------------------------------------------------------
Finished Technology Mapping : Time (s): cpu = 00:00:05 ; elapsed = 00:00:06 . Memory (MB): peak = 3122.305 ; gain = 658.617 ; free physical = 18797 ; free virtual = 23487
---------------------------------------------------------------------------------
---------------------------------------------------------------------------------
Start IO Insertion
---------------------------------------------------------------------------------
---------------------------------------------------------------------------------
Start Flattening Before IO Insertion
---------------------------------------------------------------------------------
---------------------------------------------------------------------------------
Finished Flattening Before IO Insertion
---------------------------------------------------------------------------------
---------------------------------------------------------------------------------
Start Final Netlist Cleanup
---------------------------------------------------------------------------------
---------------------------------------------------------------------------------
Finished Final Netlist Cleanup
---------------------------------------------------------------------------------
---------------------------------------------------------------------------------
Finished IO Insertion : Time (s): cpu = 00:00:07 ; elapsed = 00:00:07 . Memory (MB): peak = 3122.305 ; gain = 658.617 ; free physical = 18797 ; free virtual = 23486
---------------------------------------------------------------------------------
---------------------------------------------------------------------------------
Start Renaming Generated Instances
---------------------------------------------------------------------------------
---------------------------------------------------------------------------------
Finished Renaming Generated Instances : Time (s): cpu = 00:00:07 ; elapsed = 00:00:07 . Memory (MB): peak = 3122.305 ; gain = 658.617 ; free physical = 18797 ; free virtual = 23486
---------------------------------------------------------------------------------
---------------------------------------------------------------------------------
Start Rebuilding User Hierarchy
---------------------------------------------------------------------------------
---------------------------------------------------------------------------------
Finished Rebuilding User Hierarchy : Time (s): cpu = 00:00:07 ; elapsed = 00:00:07 . Memory (MB): peak = 3122.305 ; gain = 658.617 ; free physical = 18797 ; free virtual = 23486
---------------------------------------------------------------------------------
---------------------------------------------------------------------------------
Start Renaming Generated Ports
---------------------------------------------------------------------------------
---------------------------------------------------------------------------------
Finished Renaming Generated Ports : Time (s): cpu = 00:00:07 ; elapsed = 00:00:07 . Memory (MB): peak = 3122.305 ; gain = 658.617 ; free physical = 18797 ; free virtual = 23486
---------------------------------------------------------------------------------
---------------------------------------------------------------------------------
Start Handling Custom Attributes
---------------------------------------------------------------------------------
---------------------------------------------------------------------------------
Finished Handling Custom Attributes : Time (s): cpu = 00:00:07 ; elapsed = 00:00:07 . Memory (MB): peak = 3122.305 ; gain = 658.617 ; free physical = 18797 ; free virtual = 23486
---------------------------------------------------------------------------------
---------------------------------------------------------------------------------
Start Renaming Generated Nets
---------------------------------------------------------------------------------
---------------------------------------------------------------------------------
Finished Renaming Generated Nets : Time (s): cpu = 00:00:07 ; elapsed = 00:00:07 . Memory (MB): peak = 3122.305 ; gain = 658.617 ; free physical = 18797 ; free virtual = 23486
---------------------------------------------------------------------------------
---------------------------------------------------------------------------------
Start Writing Synthesis Report
---------------------------------------------------------------------------------

Report BlackBoxes: 
+-+--------------+----------+
| |BlackBox name |Instances |
+-+--------------+----------+
+-+--------------+----------+

Report Cell Usage: 
+------+-------+------+
|      |Cell   |Count |
+------+-------+------+
|1     |CARRY4 |   418|
|2     |LUT2   |   768|
|3     |LUT3   |   359|
|4     |LUT4   |   614|
|5     |LUT5   |   174|
|6     |LUT6   |   372|
|7     |IBUF   |    64|
|8     |OBUF   |    64|
+------+-------+------+

Report Instance Areas: 
+------+-----------+-------------------------+------+
|      |Instance   |Module                   |Cells |
+------+-----------+-------------------------+------+
|1     |top        |                         |  2833|
|2     |  M4       |toom2                    |   863|
|3     |    M5     |toom2__parameterized0_26 |    66|
|4     |      M4   |toom2__parameterized1_31 |    31|
|5     |      M5   |toom2__parameterized1_32 |    20|
|6     |      M6   |toom2__parameterized1_33 |    15|
|7     |    M4     |toom2__parameterized0_25 |   298|
|8     |      M4   |toom2__parameterized1_34 |    95|
|9     |      M5   |toom2__parameterized1_35 |    20|
|10    |      M6   |toom2__parameterized1_36 |   105|
|11    |        M3 |school_book_37           |    53|
|12    |    M6     |toom2__parameterized0_27 |   297|
|13    |      M4   |toom2__parameterized1_28 |   144|
|14    |      M5   |toom2__parameterized1_29 |    73|
|15    |      M6   |toom2__parameterized1_30 |    70|
|16    |  M5       |toom2_0                  |   901|
|17    |    M4     |toom2__parameterized0_12 |   293|
|18    |      M4   |toom2__parameterized1_21 |    91|
|19    |      M5   |toom2__parameterized1_22 |    42|
|20    |      M6   |toom2__parameterized1_23 |   100|
|21    |        M3 |school_book_24           |    48|
|22    |    M5     |toom2__parameterized0_13 |    88|
|23    |      M4   |toom2__parameterized1_18 |    15|
|24    |      M5   |toom2__parameterized1_19 |    38|
|25    |      M6   |toom2__parameterized1_20 |    15|
|26    |    M6     |toom2__parameterized0_14 |   318|
|27    |      M4   |toom2__parameterized1_15 |   119|
|28    |      M5   |toom2__parameterized1_16 |    58|
|29    |      M6   |toom2__parameterized1_17 |    85|
|30    |  M6       |toom2_1                  |   941|
|31    |    M5     |toom2__parameterized0_2  |    66|
|32    |      M4   |toom2__parameterized1_6  |    15|
|33    |      M5   |toom2__parameterized1_7  |    20|
|34    |      M6   |toom2__parameterized1_8  |    31|
|35    |    M4     |toom2__parameterized0    |   340|
|36    |      M5   |toom2__parameterized1_10 |    18|
|37    |      M4   |toom2__parameterized1_9  |   123|
|38    |      M6   |toom2__parameterized1_11 |   139|
|39    |        M3 |school_book              |    73|
|40    |    M6     |toom2__parameterized0_3  |   333|
|41    |      M4   |toom2__parameterized1    |   148|
|42    |      M5   |toom2__parameterized1_4  |    75|
|43    |      M6   |toom2__parameterized1_5  |    82|
+------+-----------+-------------------------+------+
---------------------------------------------------------------------------------
Finished Writing Synthesis Report : Time (s): cpu = 00:00:07 ; elapsed = 00:00:07 . Memory (MB): peak = 3122.305 ; gain = 658.617 ; free physical = 18797 ; free virtual = 23486
---------------------------------------------------------------------------------
Synthesis finished with 0 errors, 0 critical warnings and 4 warnings.
Synthesis Optimization Runtime : Time (s): cpu = 00:00:07 ; elapsed = 00:00:07 . Memory (MB): peak = 3122.305 ; gain = 658.617 ; free physical = 18796 ; free virtual = 23486
Synthesis Optimization Complete : Time (s): cpu = 00:00:07 ; elapsed = 00:00:07 . Memory (MB): peak = 3122.312 ; gain = 658.617 ; free physical = 18796 ; free virtual = 23486
INFO: [Project 1-571] Translating synthesized netlist
Netlist sorting complete. Time (s): cpu = 00:00:00.01 ; elapsed = 00:00:00.01 . Memory (MB): peak = 3129.242 ; gain = 0.000 ; free physical = 19067 ; free virtual = 23758
INFO: [Netlist 29-17] Analyzing 418 Unisim elements for replacement
INFO: [Netlist 29-28] Unisim Transformation completed in 0 CPU seconds
INFO: [Project 1-570] Preparing netlist for logic optimization
INFO: [Opt 31-138] Pushed 0 inverter(s) to 0 load pin(s).
Netlist sorting complete. Time (s): cpu = 00:00:00 ; elapsed = 00:00:00 . Memory (MB): peak = 3262.988 ; gain = 0.000 ; free physical = 18996 ; free virtual = 23688
INFO: [Project 1-111] Unisim Transformation Summary:
No Unisim elements were transformed.

Synth Design complete | Checksum: de795a56
INFO: [Common 17-83] Releasing license: Synthesis
22 Infos, 4 Warnings, 0 Critical Warnings and 0 Errors encountered.
synth_design completed successfully
synth_design: Time (s): cpu = 00:00:09 ; elapsed = 00:00:08 . Memory (MB): peak = 3262.988 ; gain = 823.113 ; free physical = 18996 ; free virtual = 23688
INFO: [Common 17-2834] synth_design peak Physical Memory [PSS] (MB): overall = 2518.066; main = 2518.066; forked = 0.000
INFO: [Common 17-2834] synth_design peak Virtual Memory [VSS] (MB): overall = 3262.992; main = 3262.992; forked = 0.000
INFO: [Common 17-1381] The checkpoint '/home/iiitb/github_files/multipliers/toom_2_general/toom_2_general.runs/synth_1/toom_mul_generic.dcp' has been generated.
INFO: [runtcl-4] Executing : report_utilization -file toom_mul_generic_utilization_synth.rpt -pb toom_mul_generic_utilization_synth.pb
INFO: [Common 17-206] Exiting Vivado at Mon Feb 12 20:17:10 2024...
